# JRE version: Java(TM) SE Runtime Environment (21.0.6+8) (build 21.0.6+8-LTS-188)
# Java VM: Java HotSpot(TM) 64-Bit Server VM (21.0.6+8-LTS-188, mixed mode, sharing, tiered, compressed oops, compressed class ptrs, g1 gc, windows-amd64)
GC Precious Log:
 CardTable entry size: 512
 Card Set container configuration: InlinePtr #cards 5 size 8 Array Of Cards #cards 12 size 40 Howl #buckets 4 coarsen threshold 1843 Howl Bitmap #cards 512 size 80 coarsen threshold 460 Card regions per heap region 1 cards per card region 2048
 CPUs: 8 total, 8 available
 Memory: 7901M
 Large Page Support: Disabled
 NUMA Support: Disabled
 Compressed Oops: Enabled (32-bit)
 Heap Region Size: 1M
 Heap Min Capacity: 8M
 Heap Initial Capacity: 124M
 Heap Max Capacity: 1976M
 Pre-touch: Disabled
 Parallel Workers: 8
 Concurrent Workers: 2
 Concurrent Refinement Workers: 8
 Periodic GC: Disabled
Heap:
 garbage-first heap   total 131072K, used 83297K [0x0000000084800000, 0x0000000100000000)
  region size 1024K, 21 young (21504K), 7 survivors (7168K)
 Metaspace       used 95698K, committed 96576K, reserved 1179648K
  class space    used 12674K, committed 13056K, reserved 1048576K
GC Heap History (20 events):
Event: 28.191 GC heap before
{Heap before GC invocations=24 (full 0):
 garbage-first heap   total 80896K, used 62670K [0x0000000084800000, 0x0000000100000000)
  region size 1024K, 22 young (22528K), 4 survivors (4096K)
 Metaspace       used 77992K, committed 78720K, reserved 1179648K
  class space    used 10500K, committed 10816K, reserved 1048576K
}
Event: 28.195 GC heap after
{Heap after GC invocations=25 (full 0):
 garbage-first heap   total 80896K, used 45625K [0x0000000084800000, 0x0000000100000000)
  region size 1024K, 2 young (2048K), 2 survivors (2048K)
 Metaspace       used 77992K, committed 78720K, reserved 1179648K
  class space    used 10500K, committed 10816K, reserved 1048576K
}
Event: 30.088 GC heap before
{Heap before GC invocations=26 (full 0):
 garbage-first heap   total 80896K, used 75321K [0x0000000084800000, 0x0000000100000000)
  region size 1024K, 28 young (28672K), 2 survivors (2048K)
 Metaspace       used 83632K, committed 84352K, reserved 1179648K
  class space    used 10996K, committed 11328K, reserved 1048576K
}
Event: 30.097 GC heap after
{Heap after GC invocations=27 (full 0):
 garbage-first heap   total 84992K, used 53535K [0x0000000084800000, 0x0000000100000000)
  region size 1024K, 4 young (4096K), 4 survivors (4096K)
 Metaspace       used 83632K, committed 84352K, reserved 1179648K
  class space    used 10996K, committed 11328K, reserved 1048576K
}
Event: 33.225 GC heap before
{Heap before GC invocations=27 (full 0):
 garbage-first heap   total 84992K, used 76063K [0x0000000084800000, 0x0000000100000000)
  region size 1024K, 24 young (24576K), 4 survivors (4096K)
 Metaspace       used 85686K, committed 86400K, reserved 1179648K
  class space    used 11279K, committed 11584K, reserved 1048576K
}
Event: 33.233 GC heap after
{Heap after GC invocations=28 (full 0):
 garbage-first heap   total 84992K, used 53309K [0x0000000084800000, 0x0000000100000000)
  region size 1024K, 3 young (3072K), 3 survivors (3072K)
 Metaspace       used 85686K, committed 86400K, reserved 1179648K
  class space    used 11279K, committed 11584K, reserved 1048576K
}
Event: 33.342 GC heap before
{Heap before GC invocations=28 (full 0):
 garbage-first heap   total 84992K, used 73789K [0x0000000084800000, 0x0000000100000000)
  region size 1024K, 23 young (23552K), 3 survivors (3072K)
 Metaspace       used 85687K, committed 86400K, reserved 1179648K
  class space    used 11279K, committed 11584K, reserved 1048576K
}
Event: 33.347 GC heap after
{Heap after GC invocations=29 (full 0):
 garbage-first heap   total 84992K, used 54723K [0x0000000084800000, 0x0000000100000000)
  region size 1024K, 2 young (2048K), 2 survivors (2048K)
 Metaspace       used 85687K, committed 86400K, reserved 1179648K
  class space    used 11279K, committed 11584K, reserved 1048576K
}
Event: 33.504 GC heap before
{Heap before GC invocations=30 (full 0):
 garbage-first heap   total 109568K, used 72131K [0x0000000084800000, 0x0000000100000000)
  region size 1024K, 21 young (21504K), 2 survivors (2048K)
 Metaspace       used 85687K, committed 86400K, reserved 1179648K
  class space    used 11279K, committed 11584K, reserved 1048576K
}
Event: 33.508 GC heap after
{Heap after GC invocations=31 (full 0):
 garbage-first heap   total 109568K, used 55105K [0x0000000084800000, 0x0000000100000000)
  region size 1024K, 3 young (3072K), 3 survivors (3072K)
 Metaspace       used 85687K, committed 86400K, reserved 1179648K
  class space    used 11279K, committed 11584K, reserved 1048576K
}
Event: 33.714 GC heap before
{Heap before GC invocations=31 (full 0):
 garbage-first heap   total 109568K, used 96065K [0x0000000084800000, 0x0000000100000000)
  region size 1024K, 43 young (44032K), 3 survivors (3072K)
 Metaspace       used 85689K, committed 86400K, reserved 1179648K
  class space    used 11279K, committed 11584K, reserved 1048576K
}
Event: 33.722 GC heap after
{Heap after GC invocations=32 (full 0):
 garbage-first heap   total 109568K, used 58800K [0x0000000084800000, 0x0000000100000000)
  region size 1024K, 6 young (6144K), 6 survivors (6144K)
 Metaspace       used 85689K, committed 86400K, reserved 1179648K
  class space    used 11279K, committed 11584K, reserved 1048576K
}
Event: 34.434 GC heap before
{Heap before GC invocations=32 (full 0):
 garbage-first heap   total 109568K, used 94640K [0x0000000084800000, 0x0000000100000000)
  region size 1024K, 41 young (41984K), 6 survivors (6144K)
 Metaspace       used 86474K, committed 87232K, reserved 1179648K
  class space    used 11396K, committed 11712K, reserved 1048576K
}
Event: 34.442 GC heap after
{Heap after GC invocations=33 (full 0):
 garbage-first heap   total 109568K, used 62306K [0x0000000084800000, 0x0000000100000000)
  region size 1024K, 4 young (4096K), 4 survivors (4096K)
 Metaspace       used 86474K, committed 87232K, reserved 1179648K
  class space    used 11396K, committed 11712K, reserved 1048576K
}
Event: 34.682 GC heap before
{Heap before GC invocations=34 (full 0):
 garbage-first heap   total 128000K, used 95074K [0x0000000084800000, 0x0000000100000000)
  region size 1024K, 36 young (36864K), 4 survivors (4096K)
 Metaspace       used 86474K, committed 87232K, reserved 1179648K
  class space    used 11396K, committed 11712K, reserved 1048576K
}
Event: 34.688 GC heap after
{Heap after GC invocations=35 (full 0):
 garbage-first heap   total 128000K, used 63449K [0x0000000084800000, 0x0000000100000000)
  region size 1024K, 3 young (3072K), 3 survivors (3072K)
 Metaspace       used 86474K, committed 87232K, reserved 1179648K
  class space    used 11396K, committed 11712K, reserved 1048576K
}
Event: 36.636 GC heap before
{Heap before GC invocations=35 (full 0):
 garbage-first heap   total 128000K, used 112601K [0x0000000084800000, 0x0000000100000000)
  region size 1024K, 51 young (52224K), 3 survivors (3072K)
 Metaspace       used 89624K, committed 90496K, reserved 1179648K
  class space    used 11816K, committed 12224K, reserved 1048576K
}
Event: 36.641 GC heap after
{Heap after GC invocations=36 (full 0):
 garbage-first heap   total 128000K, used 63270K [0x0000000084800000, 0x0000000100000000)
  region size 1024K, 3 young (3072K), 3 survivors (3072K)
 Metaspace       used 89624K, committed 90496K, reserved 1179648K
  class space    used 11816K, committed 12224K, reserved 1048576K
}
Event: 76.655 GC heap before
{Heap before GC invocations=36 (full 0):
 garbage-first heap   total 128000K, used 114470K [0x0000000084800000, 0x0000000100000000)
  region size 1024K, 53 young (54272K), 3 survivors (3072K)
 Metaspace       used 95274K, committed 96128K, reserved 1179648K
  class space    used 12622K, committed 12992K, reserved 1048576K
}
Event: 76.677 GC heap after
{Heap after GC invocations=37 (full 0):
 garbage-first heap   total 128000K, used 71009K [0x0000000084800000, 0x0000000100000000)
  region size 1024K, 7 young (7168K), 7 survivors (7168K)
 Metaspace       used 95274K, committed 96128K, reserved 1179648K
  class space    used 12622K, committed 12992K, reserved 1048576K
}

