# JRE version: Java(TM) SE Runtime Environment (21.0.6+8) (build 21.0.6+8-LTS-188)
# Java VM: Java HotSpot(TM) 64-Bit Server VM (21.0.6+8-LTS-188, mixed mode, sharing, tiered, compressed oops, compressed class ptrs, g1 gc, windows-amd64)
GC Precious Log:
 CardTable entry size: 512
 Card Set container configuration: InlinePtr #cards 5 size 8 Array Of Cards #cards 12 size 40 Howl #buckets 4 coarsen threshold 1843 Howl Bitmap #cards 512 size 80 coarsen threshold 460 Card regions per heap region 1 cards per card region 2048
 CPUs: 8 total, 8 available
 Memory: 7901M
 Large Page Support: Disabled
 NUMA Support: Disabled
 Compressed Oops: Enabled (32-bit)
 Heap Region Size: 1M
 Heap Min Capacity: 8M
 Heap Initial Capacity: 124M
 Heap Max Capacity: 1976M
 Pre-touch: Disabled
 Parallel Workers: 8
 Concurrent Workers: 2
 Concurrent Refinement Workers: 8
 Periodic GC: Disabled
Heap:
 garbage-first heap   total 78848K, used 52188K [0x0000000084800000, 0x0000000100000000)
  region size 1024K, 15 young (15360K), 3 survivors (3072K)
 Metaspace       used 76753K, committed 77440K, reserved 1179648K
  class space    used 10421K, committed 10752K, reserved 1048576K
GC Heap History (20 events):
Event: 13.994 GC heap before
{Heap before GC invocations=10 (full 0):
 garbage-first heap   total 65536K, used 57922K [0x0000000084800000, 0x0000000100000000)
  region size 1024K, 31 young (31744K), 2 survivors (2048K)
 Metaspace       used 49739K, committed 50304K, reserved 1114112K
  class space    used 6414K, committed 6656K, reserved 1048576K
}
Event: 13.999 GC heap after
{Heap after GC invocations=11 (full 0):
 garbage-first heap   total 65536K, used 30296K [0x0000000084800000, 0x0000000100000000)
  region size 1024K, 4 young (4096K), 4 survivors (4096K)
 Metaspace       used 49739K, committed 50304K, reserved 1114112K
  class space    used 6414K, committed 6656K, reserved 1048576K
}
Event: 15.213 GC heap before
{Heap before GC invocations=11 (full 0):
 garbage-first heap   total 65536K, used 56920K [0x0000000084800000, 0x0000000100000000)
  region size 1024K, 30 young (30720K), 4 survivors (4096K)
 Metaspace       used 55363K, committed 55936K, reserved 1114112K
  class space    used 7046K, committed 7296K, reserved 1048576K
}
Event: 15.219 GC heap after
{Heap after GC invocations=12 (full 0):
 garbage-first heap   total 65536K, used 32167K [0x0000000084800000, 0x0000000100000000)
  region size 1024K, 2 young (2048K), 2 survivors (2048K)
 Metaspace       used 55363K, committed 55936K, reserved 1114112K
  class space    used 7046K, committed 7296K, reserved 1048576K
}
Event: 15.667 GC heap before
{Heap before GC invocations=12 (full 0):
 garbage-first heap   total 65536K, used 41383K [0x0000000084800000, 0x0000000100000000)
  region size 1024K, 13 young (13312K), 2 survivors (2048K)
 Metaspace       used 59515K, committed 60096K, reserved 1114112K
  class space    used 7710K, committed 8000K, reserved 1048576K
}
Event: 15.671 GC heap after
{Heap after GC invocations=13 (full 0):
 garbage-first heap   total 65536K, used 32572K [0x0000000084800000, 0x0000000100000000)
  region size 1024K, 3 young (3072K), 3 survivors (3072K)
 Metaspace       used 59515K, committed 60096K, reserved 1114112K
  class space    used 7710K, committed 8000K, reserved 1048576K
}
Event: 16.297 GC heap before
{Heap before GC invocations=14 (full 0):
 garbage-first heap   total 65536K, used 57148K [0x0000000084800000, 0x0000000100000000)
  region size 1024K, 27 young (27648K), 3 survivors (3072K)
 Metaspace       used 61586K, committed 62208K, reserved 1114112K
  class space    used 8121K, committed 8384K, reserved 1048576K
}
Event: 16.300 GC heap after
{Heap after GC invocations=15 (full 0):
 garbage-first heap   total 65536K, used 33377K [0x0000000084800000, 0x0000000100000000)
  region size 1024K, 2 young (2048K), 2 survivors (2048K)
 Metaspace       used 61586K, committed 62208K, reserved 1114112K
  class space    used 8121K, committed 8384K, reserved 1048576K
}
Event: 17.238 GC heap before
{Heap before GC invocations=15 (full 0):
 garbage-first heap   total 65536K, used 57953K [0x0000000084800000, 0x0000000100000000)
  region size 1024K, 26 young (26624K), 2 survivors (2048K)
 Metaspace       used 65791K, committed 66496K, reserved 1114112K
  class space    used 8738K, committed 9024K, reserved 1048576K
}
Event: 17.242 GC heap after
{Heap after GC invocations=16 (full 0):
 garbage-first heap   total 65536K, used 34402K [0x0000000084800000, 0x0000000100000000)
  region size 1024K, 3 young (3072K), 3 survivors (3072K)
 Metaspace       used 65791K, committed 66496K, reserved 1114112K
  class space    used 8738K, committed 9024K, reserved 1048576K
}
Event: 18.567 GC heap before
{Heap before GC invocations=16 (full 0):
 garbage-first heap   total 65536K, used 56930K [0x0000000084800000, 0x0000000100000000)
  region size 1024K, 25 young (25600K), 3 survivors (3072K)
 Metaspace       used 69752K, committed 70464K, reserved 1114112K
  class space    used 9225K, committed 9536K, reserved 1048576K
}
Event: 18.576 GC heap after
{Heap after GC invocations=17 (full 0):
 garbage-first heap   total 65536K, used 36739K [0x0000000084800000, 0x0000000100000000)
  region size 1024K, 4 young (4096K), 4 survivors (4096K)
 Metaspace       used 69752K, committed 70464K, reserved 1114112K
  class space    used 9225K, committed 9536K, reserved 1048576K
}
Event: 19.306 GC heap before
{Heap before GC invocations=18 (full 0):
 garbage-first heap   total 65536K, used 57219K [0x0000000084800000, 0x0000000100000000)
  region size 1024K, 24 young (24576K), 4 survivors (4096K)
 Metaspace       used 71764K, committed 72384K, reserved 1114112K
  class space    used 9655K, committed 9920K, reserved 1048576K
}
Event: 19.311 GC heap after
{Heap after GC invocations=19 (full 0):
 garbage-first heap   total 65536K, used 38617K [0x0000000084800000, 0x0000000100000000)
  region size 1024K, 2 young (2048K), 2 survivors (2048K)
 Metaspace       used 71764K, committed 72384K, reserved 1114112K
  class space    used 9655K, committed 9920K, reserved 1048576K
}
Event: 19.710 GC heap before
{Heap before GC invocations=19 (full 0):
 garbage-first heap   total 65536K, used 58073K [0x0000000084800000, 0x0000000100000000)
  region size 1024K, 22 young (22528K), 2 survivors (2048K)
 Metaspace       used 73566K, committed 74176K, reserved 1114112K
  class space    used 10031K, committed 10304K, reserved 1048576K
}
Event: 19.715 GC heap after
{Heap after GC invocations=20 (full 0):
 garbage-first heap   total 65536K, used 39540K [0x0000000084800000, 0x0000000100000000)
  region size 1024K, 3 young (3072K), 3 survivors (3072K)
 Metaspace       used 73566K, committed 74176K, reserved 1114112K
  class space    used 10031K, committed 10304K, reserved 1048576K
}
Event: 19.945 GC heap before
{Heap before GC invocations=20 (full 0):
 garbage-first heap   total 65536K, used 57972K [0x0000000084800000, 0x0000000100000000)
  region size 1024K, 21 young (21504K), 3 survivors (3072K)
 Metaspace       used 74983K, committed 75648K, reserved 1114112K
  class space    used 10205K, committed 10496K, reserved 1048576K
}
Event: 19.948 GC heap after
{Heap after GC invocations=21 (full 0):
 garbage-first heap   total 65536K, used 39961K [0x0000000084800000, 0x0000000100000000)
  region size 1024K, 2 young (2048K), 2 survivors (2048K)
 Metaspace       used 74983K, committed 75648K, reserved 1114112K
  class space    used 10205K, committed 10496K, reserved 1048576K
}
Event: 20.530 GC heap before
{Heap before GC invocations=22 (full 0):
 garbage-first heap   total 78848K, used 57369K [0x0000000084800000, 0x0000000100000000)
  region size 1024K, 19 young (19456K), 2 survivors (2048K)
 Metaspace       used 76238K, committed 76928K, reserved 1179648K
  class space    used 10371K, committed 10688K, reserved 1048576K
}
Event: 20.534 GC heap after
{Heap after GC invocations=23 (full 0):
 garbage-first heap   total 78848K, used 40924K [0x0000000084800000, 0x0000000100000000)
  region size 1024K, 3 young (3072K), 3 survivors (3072K)
 Metaspace       used 76238K, committed 76928K, reserved 1179648K
  class space    used 10371K, committed 10688K, reserved 1048576K
}

